This is pdfTeX, Version 3.141592653-2.6-1.40.25 (TeX Live 2023) (preloaded format=pdflatex 2023.5.22)  13 JUL 2024 14:25
entering extended mode
 restricted \write18 enabled.
 %&-line parsing enabled.
**Documentation.tex
(./Documentation.tex
LaTeX2e <2022-11-01> patch level 1
L3 programming layer <2023-05-15>
(c:/texlive/2023/texmf-dist/tex/latex/base/report.cls
Document Class: report 2022/07/02 v1.4n Standard LaTeX document class
(c:/texlive/2023/texmf-dist/tex/latex/base/size12.clo
File: size12.clo 2022/07/02 v1.4n Standard LaTeX file (size option)
)
\c@part=\count185
\c@chapter=\count186
\c@section=\count187
\c@subsection=\count188
\c@subsubsection=\count189
\c@paragraph=\count190
\c@subparagraph=\count191
\c@figure=\count192
\c@table=\count193
\abovecaptionskip=\skip48
\belowcaptionskip=\skip49
\bibindent=\dimen140
) (./documentation.sty
(c:/texlive/2023/texmf-dist/tex/latex/base/inputenc.sty
Package: inputenc 2021/02/14 v1.3d Input encoding file
\inpenc@prehook=\toks16
\inpenc@posthook=\toks17
)
(c:/texlive/2023/texmf-dist/tex/latex/base/fontenc.sty
Package: fontenc 2021/04/29 v2.0v Standard LaTeX package
)
(c:/texlive/2023/texmf-dist/tex/generic/babel/babel.sty
Package: babel 2023/05/11 v3.89 The Babel package
\babel@savecnt=\count194
\U@D=\dimen141
\l@unhyphenated=\language87

(c:/texlive/2023/texmf-dist/tex/generic/babel/txtbabel.def)
\bbl@readstream=\read2
\bbl@dirlevel=\count195

(c:/texlive/2023/texmf-dist/tex/generic/babel-italian/italian.ldf
Language: italian 2022/03/27 v.1.4.07 Italian support for the babel system
\it@lettering=\count196
\it@doublequoteactive=\count197
\it@ISOcompliance=\count198
))
(c:/texlive/2023/texmf-dist/tex/generic/babel/locale/it/babel-italian.tex
Package babel Info: Importing font and identification data for italian
(babel)             from babel-it.ini. Reported on input line 11.
)
(c:/texlive/2023/texmf-dist/tex/latex/etoolbox/etoolbox.sty
Package: etoolbox 2020/10/05 v2.5k e-TeX tools for LaTeX (JAW)
\etb@tempcnta=\count199
)
(c:/texlive/2023/texmf-dist/tex/latex/tools/tabularx.sty
Package: tabularx 2020/01/15 v2.11c `tabularx' package (DPC)

(c:/texlive/2023/texmf-dist/tex/latex/tools/array.sty
Package: array 2022/09/04 v2.5g Tabular extension package (FMi)
\col@sep=\dimen142
\ar@mcellbox=\box51
\extrarowheight=\dimen143
\NC@list=\toks18
\extratabsurround=\skip50
\backup@length=\skip51
\ar@cellbox=\box52
)
\TX@col@width=\dimen144
\TX@old@table=\dimen145
\TX@old@col=\dimen146
\TX@target=\dimen147
\TX@delta=\dimen148
\TX@cols=\count266
\TX@ftn=\toks19
)
(c:/texlive/2023/texmf-dist/tex/latex/graphics/graphicx.sty
Package: graphicx 2021/09/16 v1.2d Enhanced LaTeX Graphics (DPC,SPQR)

(c:/texlive/2023/texmf-dist/tex/latex/graphics/keyval.sty
Package: keyval 2022/05/29 v1.15 key=value parser (DPC)
\KV@toks@=\toks20
)
(c:/texlive/2023/texmf-dist/tex/latex/graphics/graphics.sty
Package: graphics 2022/03/10 v1.4e Standard LaTeX Graphics (DPC,SPQR)

(c:/texlive/2023/texmf-dist/tex/latex/graphics/trig.sty
Package: trig 2021/08/11 v1.11 sin cos tan (DPC)
)
(c:/texlive/2023/texmf-dist/tex/latex/graphics-cfg/graphics.cfg
File: graphics.cfg 2016/06/04 v1.11 sample graphics configuration
)
Package graphics Info: Driver file: pdftex.def on input line 107.

(c:/texlive/2023/texmf-dist/tex/latex/graphics-def/pdftex.def
File: pdftex.def 2022/09/22 v1.2b Graphics/color driver for pdftex
))
\Gin@req@height=\dimen149
\Gin@req@width=\dimen150
)
(c:/texlive/2023/texmf-dist/tex/latex/tools/multicol.sty
Package: multicol 2021/11/30 v1.9d multicolumn formatting (FMi)
\c@tracingmulticols=\count267
\mult@box=\box53
\multicol@leftmargin=\dimen151
\c@unbalance=\count268
\c@collectmore=\count269
\doublecol@number=\count270
\multicoltolerance=\count271
\multicolpretolerance=\count272
\full@width=\dimen152
\page@free=\dimen153
\premulticols=\dimen154
\postmulticols=\dimen155
\multicolsep=\skip52
\multicolbaselineskip=\skip53
\partial@page=\box54
\last@line=\box55
\maxbalancingoverflow=\dimen156
\mult@rightbox=\box56
\mult@grightbox=\box57
\mult@firstbox=\box58
\mult@gfirstbox=\box59
\@tempa=\box60
\@tempa=\box61
\@tempa=\box62
\@tempa=\box63
\@tempa=\box64
\@tempa=\box65
\@tempa=\box66
\@tempa=\box67
\@tempa=\box68
\@tempa=\box69
\@tempa=\box70
\@tempa=\box71
\@tempa=\box72
\@tempa=\box73
\@tempa=\box74
\@tempa=\box75
\@tempa=\box76
\@tempa=\box77
\@tempa=\box78
\@tempa=\box79
\@tempa=\box80
\@tempa=\box81
\@tempa=\box82
\@tempa=\box83
\@tempa=\box84
\@tempa=\box85
\@tempa=\box86
\@tempa=\box87
\@tempa=\box88
\@tempa=\box89
\@tempa=\box90
\@tempa=\box91
\@tempa=\box92
\@tempa=\box93
\@tempa=\box94
\@tempa=\box95
\c@minrows=\count273
\c@columnbadness=\count274
\c@finalcolumnbadness=\count275
\last@try=\dimen157
\multicolovershoot=\dimen158
\multicolundershoot=\dimen159
\mult@nat@firstbox=\box96
\colbreak@box=\box97
\mc@col@check@num=\count276
)
(c:/texlive/2023/texmf-dist/tex/latex/listings/listings.sty
\lst@mode=\count277
\lst@gtempboxa=\box98
\lst@token=\toks21
\lst@length=\count278
\lst@currlwidth=\dimen160
\lst@column=\count279
\lst@pos=\count280
\lst@lostspace=\dimen161
\lst@width=\dimen162
\lst@newlines=\count281
\lst@lineno=\count282
\lst@maxwidth=\dimen163

(c:/texlive/2023/texmf-dist/tex/latex/listings/lstmisc.sty
File: lstmisc.sty 2023/02/27 1.9 (Carsten Heinz)
\c@lstnumber=\count283
\lst@skipnumbers=\count284
\lst@framebox=\box99
)
(c:/texlive/2023/texmf-dist/tex/latex/listings/listings.cfg
File: listings.cfg 2023/02/27 1.9 listings configuration
))
Package: listings 2023/02/27 1.9 (Carsten Heinz)

(c:/texlive/2023/texmf-dist/tex/latex/titlesec/titlesec.sty
Package: titlesec 2021/07/05 v2.14 Sectioning titles
\ttl@box=\box100
\beforetitleunit=\skip54
\aftertitleunit=\skip55
\ttl@plus=\dimen164
\ttl@minus=\dimen165
\ttl@toksa=\toks22
\titlewidth=\dimen166
\titlewidthlast=\dimen167
\titlewidthfirst=\dimen168
)
(c:/texlive/2023/texmf-dist/tex/latex/xcolor/xcolor.sty
Package: xcolor 2022/06/12 v2.14 LaTeX color extensions (UK)

(c:/texlive/2023/texmf-dist/tex/latex/graphics-cfg/color.cfg
File: color.cfg 2016/01/02 v1.6 sample color configuration
)
Package xcolor Info: Driver file: pdftex.def on input line 227.

(c:/texlive/2023/texmf-dist/tex/latex/graphics/mathcolor.ltx)
Package xcolor Info: Model `cmy' substituted by `cmy0' on input line 1353.
Package xcolor Info: Model `hsb' substituted by `rgb' on input line 1357.
Package xcolor Info: Model `RGB' extended on input line 1369.
Package xcolor Info: Model `HTML' substituted by `rgb' on input line 1371.
Package xcolor Info: Model `Hsb' substituted by `hsb' on input line 1372.
Package xcolor Info: Model `tHsb' substituted by `hsb' on input line 1373.
Package xcolor Info: Model `HSB' substituted by `hsb' on input line 1374.
Package xcolor Info: Model `Gray' substituted by `gray' on input line 1375.
Package xcolor Info: Model `wave' substituted by `hsb' on input line 1376.
)
(c:/texlive/2023/texmf-dist/tex/latex/tools/afterpage.sty
Package: afterpage 2014/10/28 v1.08 After-Page Package (DPC)
\AP@output=\toks23
\AP@partial=\box101
\AP@footins=\box102
))
(c:/texlive/2023/texmf-dist/tex/latex/geometry/geometry.sty
Package: geometry 2020/01/02 v5.9 Page Geometry

(c:/texlive/2023/texmf-dist/tex/generic/iftex/ifvtex.sty
Package: ifvtex 2019/10/25 v1.7 ifvtex legacy package. Use iftex instead.

(c:/texlive/2023/texmf-dist/tex/generic/iftex/iftex.sty
Package: iftex 2022/02/03 v1.0f TeX engine tests
))
\Gm@cnth=\count285
\Gm@cntv=\count286
\c@Gm@tempcnt=\count287
\Gm@bindingoffset=\dimen169
\Gm@wd@mp=\dimen170
\Gm@odd@mp=\dimen171
\Gm@even@mp=\dimen172
\Gm@layoutwidth=\dimen173
\Gm@layoutheight=\dimen174
\Gm@layouthoffset=\dimen175
\Gm@layoutvoffset=\dimen176
\Gm@dimlist=\toks24
)

Package geometry Warning: Over-specification in `h'-direction.
    `width' (483.69684pt) is ignored.


Package geometry Warning: Over-specification in `v'-direction.
    `height' (731.23582pt) is ignored.

(c:/texlive/2023/texmf-dist/tex/latex/l3backend/l3backend-pdftex.def
File: l3backend-pdftex.def 2023-04-19 L3 backend support: PDF output (pdfTeX)
\l__color_backend_stack_int=\count288
\l__pdf_internal_box=\box103
)
(./Documentation.aux)
\openout1 = `Documentation.aux'.

LaTeX Font Info:    Checking defaults for OML/cmm/m/it on input line 20.
LaTeX Font Info:    ... okay on input line 20.
LaTeX Font Info:    Checking defaults for OMS/cmsy/m/n on input line 20.
LaTeX Font Info:    ... okay on input line 20.
LaTeX Font Info:    Checking defaults for OT1/cmr/m/n on input line 20.
LaTeX Font Info:    ... okay on input line 20.
LaTeX Font Info:    Checking defaults for T1/cmr/m/n on input line 20.
LaTeX Font Info:    ... okay on input line 20.
LaTeX Font Info:    Checking defaults for TS1/cmr/m/n on input line 20.
LaTeX Font Info:    ... okay on input line 20.
LaTeX Font Info:    Checking defaults for OMX/cmex/m/n on input line 20.
LaTeX Font Info:    ... okay on input line 20.
LaTeX Font Info:    Checking defaults for U/cmr/m/n on input line 20.
LaTeX Font Info:    ... okay on input line 20.
LaTeX Info: Redefining \it@ocap on input line 20.
LaTeX Info: Redefining \it@ccap on input line 20.

(c:/texlive/2023/texmf-dist/tex/context/base/mkii/supp-pdf.mkii
[Loading MPS to PDF converter (version 2006.09.02).]
\scratchcounter=\count289
\scratchdimen=\dimen177
\scratchbox=\box104
\nofMPsegments=\count290
\nofMParguments=\count291
\everyMPshowfont=\toks25
\MPscratchCnt=\count292
\MPscratchDim=\dimen178
\MPnumerator=\count293
\makeMPintoPDFobject=\count294
\everyMPtoPDFconversion=\toks26
) (c:/texlive/2023/texmf-dist/tex/latex/epstopdf-pkg/epstopdf-base.sty
Package: epstopdf-base 2020-01-24 v2.11 Base part for package epstopdf
Package epstopdf-base Info: Redefining graphics rule for `.eps' on input line 4
85.

(c:/texlive/2023/texmf-dist/tex/latex/latexconfig/epstopdf-sys.cfg
File: epstopdf-sys.cfg 2010/07/13 v1.3 Configuration of (r)epstopdf for TeX Liv
e
))
\c@lstlisting=\count295

*geometry* driver: auto-detecting
*geometry* detected driver: pdftex
*geometry* verbose mode - [ preamble ] result:
* driver: pdftex
* paper: a4paper
* layout: <same size as paper>
* layoutoffset:(h,v)=(0.0pt,0.0pt)
* modes: 
* h-part:(L,W,R)=(71.13188pt, 455.24411pt, 71.13188pt)
* v-part:(T,H,B)=(85.35826pt, 702.78308pt, 56.9055pt)
* \paperwidth=597.50787pt
* \paperheight=845.04684pt
* \textwidth=455.24411pt
* \textheight=702.78308pt
* \oddsidemargin=-1.1381pt
* \evensidemargin=-1.1381pt
* \topmargin=-23.91173pt
* \headheight=12.0pt
* \headsep=25.0pt
* \topskip=12.0pt
* \footskip=30.0pt
* \marginparwidth=44.0pt
* \marginparsep=10.0pt
* \columnsep=10.0pt
* \skip\footins=10.8pt plus 4.0pt minus 2.0pt
* \hoffset=0.0pt
* \voffset=0.0pt
* \mag=1000
* \@twocolumnfalse
* \@twosidefalse
* \@mparswitchfalse
* \@reversemarginfalse
* (1in=72.27pt=25.4mm, 1cm=28.453pt)

LaTeX Font Info:    External font `cmex10' loaded for size
(Font)              <24.88> on input line 28.
LaTeX Font Info:    External font `cmex10' loaded for size
(Font)              <20.74> on input line 28.
LaTeX Font Info:    External font `cmex10' loaded for size
(Font)              <17.28> on input line 28.
[1

{c:/texlive/2023/texmf-var/fonts/map/pdftex/updmap/pdftex.map}{c:/texlive/2023/
texmf-dist/fonts/enc/dvips/cm-super/cm-super-t1.enc}] (./Documentation.toc
LaTeX Font Info:    External font `cmex10' loaded for size
(Font)              <12> on input line 4.
LaTeX Font Info:    External font `cmex10' loaded for size
(Font)              <8> on input line 4.
LaTeX Font Info:    External font `cmex10' loaded for size
(Font)              <6> on input line 4.
)
\tf@toc=\write3
\openout3 = `Documentation.toc'.


[1

]
Capitolo 1.
<./img/UseCase.jpeg, id=15, 578.16pt x 617.00513pt>
File: ./img/UseCase.jpeg Graphic file (type jpg)
<use ./img/UseCase.jpeg>
Package pdftex.def Info: ./img/UseCase.jpeg  used on input line 54.
(pdftex.def)             Requested size: 462.52863pt x 493.60477pt.

Overfull \hbox (7.28452pt too wide) in paragraph at lines 54--55
 [] 
 []

[2

]
LaTeX Font Info:    Trying to load font information for T1+cmtt on input line 6
0.
 (c:/texlive/2023/texmf-dist/tex/latex/base/t1cmtt.fd
File: t1cmtt.fd 2022/07/10 v2.5l Standard LaTeX font definitions
)
Overfull \hbox (28.34052pt too wide) in paragraph at lines 75--77
[][] 
 []

[3 <./img/UseCase.jpeg>]
Overfull \hbox (28.34052pt too wide) in paragraph at lines 96--97
[][] 
 []


Overfull \hbox (28.34052pt too wide) in paragraph at lines 112--113
[][] 
 []

[4]
Overfull \hbox (28.34052pt too wide) in paragraph at lines 128--129
[][] 
 []


Overfull \hbox (28.34052pt too wide) in paragraph at lines 148--149
[][] 
 []

[5]
Overfull \hbox (28.34052pt too wide) in paragraph at lines 166--167
[][] 
 []


Overfull \hbox (28.34052pt too wide) in paragraph at lines 188--189
[][] 
 []

[6]
Overfull \hbox (28.34052pt too wide) in paragraph at lines 208--209
[][] 
 []


Overfull \hbox (28.34052pt too wide) in paragraph at lines 228--229
[][] 
 []

[7] (./Documentation.aux) ) 
Here is how much of TeX's memory you used:
 6149 strings out of 476096
 94304 string characters out of 5795114
 1860845 words of memory out of 5000000
 26466 multiletter control sequences out of 15000+600000
 526912 words of font info for 63 fonts, out of 8000000 for 9000
 1141 hyphenation exceptions out of 8191
 72i,6n,76p,712b,262s stack positions out of 10000i,1000n,20000p,200000b,200000s
<c:/texlive/2023/texmf-dist/fonts/type1/public/cm-su
per/sfbi1200.pfb><c:/texlive/2023/texmf-dist/fonts/type1/public/cm-super/sfbx12
00.pfb><c:/texlive/2023/texmf-dist/fonts/type1/public/cm-super/sfbx1440.pfb><c:
/texlive/2023/texmf-dist/fonts/type1/public/cm-super/sfbx1728.pfb><c:/texlive/2
023/texmf-dist/fonts/type1/public/cm-super/sfbx2488.pfb><c:/texlive/2023/texmf-
dist/fonts/type1/public/cm-super/sfcc1200.pfb><c:/texlive/2023/texmf-dist/fonts
/type1/public/cm-super/sfrm1200.pfb><c:/texlive/2023/texmf-dist/fonts/type1/pub
lic/cm-super/sfti1200.pfb><c:/texlive/2023/texmf-dist/fonts/type1/public/cm-sup
er/sfti1440.pfb><c:/texlive/2023/texmf-dist/fonts/type1/public/cm-super/sfti172
8.pfb><c:/texlive/2023/texmf-dist/fonts/type1/public/cm-super/sftt1200.pfb>
Output written on Documentation.pdf (8 pages, 340243 bytes).
PDF statistics:
 88 PDF objects out of 1000 (max. 8388607)
 54 compressed objects within 1 object stream
 0 named destinations out of 1000 (max. 500000)
 6 words of extra memory for PDF output out of 10000 (max. 10000000)

